Dec  6 15:19:27[1376] ERROR(Connection refused): Couldn't open display .
Dec  6 15:19:27[1376] Unable to open screen.
Dec  6 22:43:05[2670] Font(id 0) width(16) is not matched with standard width(13).
Dec  6 22:43:05[2670] Font(id 400) width(16) is not matched with standard width(13).
Dec  7 00:33:31[22033] Font(id 2d1) width(40) is not matched with standard width(26).
Dec 29 11:38:32[3380] Font(id 0) width(16) is not matched with standard width(13).
Dec 29 11:38:32[3380] Font(id 400) width(16) is not matched with standard width(13).
Dec 29 12:13:18[6463] Font(id 2d1) width(40) is not matched with standard width(26).
Jan  3 11:22:01[2525] Font(id 2d1) width(47) is not matched with standard width(32).
Jan 19 11:05:52[6003] Font(id 0) width(16) is not matched with standard width(13).
Jan 19 11:05:52[6003] Font(id 400) width(16) is not matched with standard width(13).
Feb  8 19:39:39[1821] Font(id 2d1) width(40) is not matched with standard width(26).
Feb  9 11:27:37[1823] Font(id 2d1) width(40) is not matched with standard width(26).
Feb  9 11:27:37[1823] Font(id e) width(16) is not matched with standard width(13).
Feb  9 11:27:38[1823] Font(id 2bd) width(41) is not matched with standard width(26).
Feb  9 11:27:38[1823] Font(id 2f) width(16) is not matched with standard width(13).
Feb  9 11:27:38[1823] Font(id 43) width(16) is not matched with standard width(13).
Feb  9 11:27:38[1823] Font(id 24) width(16) is not matched with standard width(13).
Feb  9 11:27:38[1823] Font(id 21) width(16) is not matched with standard width(13).
Feb  9 11:27:38[1823] Font(id 46) width(16) is not matched with standard width(13).
Feb  9 11:27:38[1823] Font(id 65) width(16) is not matched with standard width(13).
Feb  9 11:27:38[1823] Font(id 2a0) width(41) is not matched with standard width(26).
Feb  9 11:27:38[1823] Font(id 2ab) width(41) is not matched with standard width(26).
Feb  9 11:27:38[1823] Font(id 11) width(16) is not matched with standard width(13).
Feb  9 11:27:38[1823] Font(id d9) width(16) is not matched with standard width(13).
Feb  9 11:27:38[1823] Font(id 28) width(16) is not matched with standard width(13).
Feb  9 11:27:38[1823] Font(id 70) width(16) is not matched with standard width(13).
Feb  9 11:27:38[1823] Font(id 26) width(16) is not matched with standard width(13).
Feb  9 11:27:38[1823] Font(id c1) width(16) is not matched with standard width(13).
Feb  9 11:27:38[1823] Font(id 3f) width(16) is not matched with standard width(13).
Feb  9 11:27:38[1823] Font(id 2bb) width(41) is not matched with standard width(26).
Feb  9 11:27:38[1823] Font(id 5f) width(16) is not matched with standard width(13).
Feb  9 11:27:38[1823] Font(id 14) width(16) is not matched with standard width(13).
Feb  9 11:27:38[1823] Font(id 37) width(16) is not matched with standard width(13).
Feb  9 11:27:38[1823] Font(id 2a8) width(41) is not matched with standard width(26).
Feb  9 11:27:38[1823] Font(id 2be) width(41) is not matched with standard width(26).
Feb  9 11:27:38[1823] Font(id 47) width(16) is not matched with standard width(13).
Feb  9 11:27:38[1823] Font(id 5d) width(16) is not matched with standard width(13).
Feb  9 11:27:38[1823] Font(id 4a) width(16) is not matched with standard width(13).
Feb  9 11:27:38[1823] Font(id 91) width(16) is not matched with standard width(13).
Feb  9 11:27:38[1823] Font(id 3d) width(16) is not matched with standard width(13).
Feb 15 15:40:31[1840] Font(id 2d1) width(40) is not matched with standard width(26).
Feb 15 15:40:31[1840] Font(id e) width(16) is not matched with standard width(13).
Feb 15 15:40:31[1840] Font(id 2f) width(16) is not matched with standard width(13).
Feb 15 15:40:31[1840] Font(id 2bd) width(41) is not matched with standard width(26).
Feb 15 15:40:31[1840] Font(id 54) width(16) is not matched with standard width(13).
Feb 15 15:40:31[1840] Font(id 43) width(16) is not matched with standard width(13).
Feb 15 15:40:31[1840] Font(id 24) width(16) is not matched with standard width(13).
Feb 15 15:40:31[1840] Font(id 21) width(16) is not matched with standard width(13).
Feb 15 15:40:32[1840] Font(id 71) width(16) is not matched with standard width(13).
Feb 15 15:40:32[1840] Font(id 65) width(16) is not matched with standard width(13).
Feb 15 15:40:32[1840] Font(id 46) width(16) is not matched with standard width(13).
Feb 15 15:40:32[1840] Font(id 2a0) width(41) is not matched with standard width(26).
Feb 15 15:40:32[1840] Font(id 2ab) width(41) is not matched with standard width(26).
Feb 15 15:40:32[1840] Font(id 22) width(16) is not matched with standard width(13).
Feb 15 15:40:32[1840] Font(id d9) width(16) is not matched with standard width(13).
Feb 15 15:40:32[1840] Font(id 35) width(16) is not matched with standard width(13).
Feb 15 15:40:32[1840] Font(id 28) width(16) is not matched with standard width(13).
Feb 15 15:40:32[1840] Font(id 70) width(16) is not matched with standard width(13).
Feb 15 15:40:32[1840] Font(id 26) width(16) is not matched with standard width(13).
Feb 15 15:40:32[1840] Font(id c1) width(16) is not matched with standard width(13).
Feb 15 15:40:32[1840] Font(id 3f) width(16) is not matched with standard width(13).
Feb 15 15:40:32[1840] Font(id da) width(16) is not matched with standard width(13).
Feb 15 15:40:32[1840] Font(id 2bb) width(41) is not matched with standard width(26).
Feb 15 15:40:32[1840] Font(id 5f) width(16) is not matched with standard width(13).
Feb 15 15:40:32[1840] Font(id 34) width(16) is not matched with standard width(13).
Feb 15 15:40:32[1840] Font(id 4a) width(16) is not matched with standard width(13).
Feb 15 15:40:32[1840] Font(id 14) width(16) is not matched with standard width(13).
Feb 15 15:40:32[1840] Font(id 37) width(16) is not matched with standard width(13).
Feb 15 15:40:32[1840] Font(id 97) width(16) is not matched with standard width(13).
Feb 15 15:40:33[1840] Font(id 2a8) width(41) is not matched with standard width(26).
Feb 15 15:40:33[1840] Font(id 10) width(16) is not matched with standard width(13).
Feb 15 15:40:33[1840] Font(id 2be) width(41) is not matched with standard width(26).
Feb 15 15:40:33[1840] Font(id 5d) width(16) is not matched with standard width(13).
Feb 15 15:40:33[1840] Font(id 91) width(16) is not matched with standard width(13).
Feb 15 15:40:33[1840] Font(id 3d) width(16) is not matched with standard width(13).
Feb 16 00:34:15[1896] Font(id 2d1) width(40) is not matched with standard width(26).
Feb 16 00:34:15[1896] Font(id da) width(16) is not matched with standard width(13).
Feb 16 00:34:15[1896] Font(id 42) width(16) is not matched with standard width(13).
Feb 16 00:34:15[1896] Font(id 11) width(16) is not matched with standard width(13).
Feb 16 00:34:15[1896] Font(id 1e) width(16) is not matched with standard width(13).
Feb 16 00:34:15[1896] Font(id d2) width(16) is not matched with standard width(13).
Feb 16 00:34:15[1896] Font(id 3b) width(16) is not matched with standard width(13).
Feb 16 00:34:15[1896] Font(id 9a) width(16) is not matched with standard width(13).
Feb 16 00:34:15[1896] Font(id 8) width(16) is not matched with standard width(13).
Feb 16 00:34:16[1896] Font(id 2d) width(16) is not matched with standard width(13).
Feb 16 00:34:16[1896] Font(id 41) width(16) is not matched with standard width(13).
Feb 16 00:34:16[1896] Font(id 4b) width(16) is not matched with standard width(13).
Feb 16 00:34:16[1896] Font(id 2a2) width(41) is not matched with standard width(26).
Feb 16 00:34:16[1896] Font(id 84) width(16) is not matched with standard width(13).
Feb 16 00:34:16[1896] Font(id a) width(16) is not matched with standard width(13).
Feb 16 00:34:16[1896] Font(id d6) width(16) is not matched with standard width(13).
Feb 16 00:34:16[1896] Font(id 48) width(16) is not matched with standard width(13).
Feb 16 00:34:16[1896] Font(id 2a8) width(41) is not matched with standard width(26).
Feb 16 00:34:16[1896] Font(id 2c) width(16) is not matched with standard width(13).
Feb 20 10:55:32[1724] Font(id 2d1) width(40) is not matched with standard width(26).
Feb 20 10:55:32[1724] Font(id 2b0) width(41) is not matched with standard width(26).
Feb 20 10:55:32[1724] Font(id 4e) width(16) is not matched with standard width(13).
Feb 23 12:08:45[1799] Font(id 2d1) width(40) is not matched with standard width(26).
Feb 28 11:55:42[1866] Font(id 2d1) width(40) is not matched with standard width(26).
Mar  2 23:02:39[1799] Font(id 2d1) width(40) is not matched with standard width(26).
Mar  4 19:02:50[2153] Font(id 2d1) width(40) is not matched with standard width(26).
Mar  4 19:02:50[2153] Font(id 28) width(16) is not matched with standard width(13).
Mar  4 19:02:50[2153] Font(id 96) width(16) is not matched with standard width(13).
Mar  4 19:02:50[2153] Font(id 5b) width(16) is not matched with standard width(13).
Mar  4 19:02:50[2153] Font(id cb) width(16) is not matched with standard width(13).
Mar  4 19:02:50[2153] Font(id 1b) width(16) is not matched with standard width(13).
Mar  4 19:02:50[2153] Font(id 5e) width(16) is not matched with standard width(13).
Mar  4 19:02:50[2153] Font(id 9b) width(16) is not matched with standard width(13).
Mar  4 19:02:50[2153] Font(id 92) width(16) is not matched with standard width(13).
Mar  4 19:02:50[2153] Font(id 4) width(16) is not matched with standard width(13).
Mar  4 19:02:50[2153] Font(id 2a1) width(47) is not matched with standard width(26).
Mar  4 19:02:50[2153] Font(id d5) width(16) is not matched with standard width(13).
Mar  4 19:02:50[2153] Font(id 6f) width(16) is not matched with standard width(13).
Mar  4 19:02:50[2153] Font(id 2a9) width(41) is not matched with standard width(26).
Mar  4 19:02:51[2153] Font(id 2b0) width(41) is not matched with standard width(26).
Mar  4 19:02:51[2153] Font(id 3e) width(16) is not matched with standard width(13).
Mar  4 19:02:51[2153] Font(id 9a) width(16) is not matched with standard width(13).
Mar  5 09:44:01[1765] Font(id 2d1) width(40) is not matched with standard width(26).
Mar  5 09:44:01[1765] Font(id 33) width(16) is not matched with standard width(13).
Mar  5 09:44:01[1765] Font(id 8c) width(16) is not matched with standard width(13).
Mar  5 09:44:01[1765] Font(id 86) width(16) is not matched with standard width(13).
Mar  5 09:44:01[1765] Font(id 2b7) width(41) is not matched with standard width(26).
Mar  5 09:44:01[1765] Font(id 35) width(16) is not matched with standard width(13).
Mar  5 09:44:02[1765] Font(id 0) width(16) is not matched with standard width(13).
Mar  5 09:44:02[1765] Font(id 9b) width(16) is not matched with standard width(13).
Mar  5 09:44:02[1765] Font(id 4e) width(16) is not matched with standard width(13).
Mar  5 09:44:02[1765] Font(id 2d) width(16) is not matched with standard width(13).
Mar  5 09:44:02[1765] Font(id da) width(16) is not matched with standard width(13).
Mar  5 09:44:02[1765] Font(id 2b6) width(41) is not matched with standard width(26).
Mar  5 09:44:02[1765] Font(id 31) width(16) is not matched with standard width(13).
Mar  5 09:44:02[1765] Font(id 6e) width(16) is not matched with standard width(13).
Mar  5 09:44:02[1765] Font(id 3a) width(16) is not matched with standard width(13).
Mar  5 09:44:02[1765] Font(id 3) width(16) is not matched with standard width(13).
Mar  5 09:44:02[1765] Font(id 2ae) width(41) is not matched with standard width(26).
Mar  5 09:44:02[1765] Font(id 26) width(16) is not matched with standard width(13).
Mar  5 09:44:02[1765] Font(id 32) width(16) is not matched with standard width(13).
Mar  5 09:44:02[1765] Font(id 8e) width(16) is not matched with standard width(13).
Mar  7 14:28:52[1882] Font(id 2d1) width(40) is not matched with standard width(26).
Mar  7 14:28:53[1882] Font(id 1f) width(16) is not matched with standard width(13).
Mar  7 14:28:53[1882] Font(id 2a5) width(41) is not matched with standard width(26).
Mar  7 14:28:56[1882] Font(id 6a5) width(41) is not matched with standard width(26).
